2021-07-29_09-09-33 [main] INFO  o.s.b.t.c.SpringBootTestContextBootstrapper - Neither @ContextConfiguration nor @ContextHierarchy found for test class [com.cognizant.pas.policy.PolicyMicroserviceApplicationTests], using SpringBootContextLoader
2021-07-29_09-09-33 [main] INFO  o.s.t.c.s.AbstractContextLoader - Could not detect default resource locations for test class [com.cognizant.pas.policy.PolicyMicroserviceApplicationTests]: no resource found for suffixes {-context.xml, Context.groovy}.
2021-07-29_09-09-33 [main] INFO  o.s.t.c.s.AnnotationConfigContextLoaderUtils - Could not detect default configuration classes for test class [com.cognizant.pas.policy.PolicyMicroserviceApplicationTests]: PolicyMicroserviceApplicationTests does not declare any static, non-private, non-final, nested classes annotated with @Configuration.
2021-07-29_09-09-33 [main] INFO  o.s.b.t.c.SpringBootTestContextBootstrapper - Found @SpringBootConfiguration com.cognizant.pas.policy.PolicyMicroserviceApplication for test class com.cognizant.pas.policy.PolicyMicroserviceApplicationTests
2021-07-29_09-09-33 [main] INFO  o.s.b.t.c.SpringBootTestContextBootstrapper - Loaded default TestExecutionListener class names from location [META-INF/spring.factories]: [org.springframework.boot.test.mock.mockito.MockitoTestExecutionListener, org.springframework.boot.test.mock.mockito.ResetMocksTestExecutionListener, org.springframework.boot.test.autoconfigure.restdocs.RestDocsTestExecutionListener, org.springframework.boot.test.autoconfigure.web.client.MockRestServiceServerResetTestExecutionListener, org.springframework.boot.test.autoconfigure.web.servlet.MockMvcPrintOnlyOnFailureTestExecutionListener, org.springframework.boot.test.autoconfigure.web.servlet.WebDriverTestExecutionListener, org.springframework.boot.test.autoconfigure.webservices.client.MockWebServiceServerTestExecutionListener, org.springframework.test.context.web.ServletTestExecutionListener, org.springframework.test.context.support.DirtiesContextBeforeModesTestExecutionListener, org.springframework.test.context.event.ApplicationEventsTestExecutionListener, org.springframework.test.context.support.DependencyInjectionTestExecutionListener, org.springframework.test.context.support.DirtiesContextTestExecutionListener, org.springframework.test.context.transaction.TransactionalTestExecutionListener, org.springframework.test.context.jdbc.SqlScriptsTestExecutionListener, org.springframework.test.context.event.EventPublishingTestExecutionListener]
2021-07-29_09-09-33 [main] INFO  o.s.b.t.c.SpringBootTestContextBootstrapper - Using TestExecutionListeners: [org.springframework.test.context.web.ServletTestExecutionListener@8077c97, org.springframework.test.context.support.DirtiesContextBeforeModesTestExecutionListener@22865072, org.springframework.test.context.event.ApplicationEventsTestExecutionListener@563317c1, org.springframework.boot.test.mock.mockito.MockitoTestExecutionListener@5d5d3a5c, org.springframework.boot.test.autoconfigure.SpringBootDependencyInjectionTestExecutionListener@6e0d16a4, org.springframework.test.context.support.DirtiesContextTestExecutionListener@7e18ced7, org.springframework.test.context.transaction.TransactionalTestExecutionListener@305b43ca, org.springframework.test.context.jdbc.SqlScriptsTestExecutionListener@4601047, org.springframework.test.context.event.EventPublishingTestExecutionListener@25e8e59, org.springframework.boot.test.mock.mockito.ResetMocksTestExecutionListener@3a0896b3, org.springframework.boot.test.autoconfigure.restdocs.RestDocsTestExecutionListener@50a7c72b, org.springframework.boot.test.autoconfigure.web.client.MockRestServiceServerResetTestExecutionListener@54c11750, org.springframework.boot.test.autoconfigure.web.servlet.MockMvcPrintOnlyOnFailureTestExecutionListener@221b77d7, org.springframework.boot.test.autoconfigure.web.servlet.WebDriverTestExecutionListener@5cd8d029, org.springframework.boot.test.autoconfigure.webservices.client.MockWebServiceServerTestExecutionListener@32a8ca06]
2021-07-29_09-09-35 [main] INFO  c.c.p.p.PolicyMicroserviceApplicationTests - Starting PolicyMicroserviceApplicationTests using Java 15.0.2 on LAPTOP-3812AT6E with PID 1068 (started by devi in C:\Users\devi\Downloads\MFPE-Backups\backup-28th\Microservices\Policy-Microservice)
2021-07-29_09-09-35 [background-preinit] INFO  o.h.validator.internal.util.Version - HV000001: Hibernate Validator 6.1.7.Final
2021-07-29_09-09-35 [main] INFO  c.c.p.p.PolicyMicroserviceApplicationTests - No active profile set, falling back to default profiles: default
2021-07-29_09-09-35 [main] INFO  o.s.d.r.c.RepositoryConfigurationDelegate - Bootstrapping Spring Data JPA repositories in DEFAULT mode.
2021-07-29_09-09-35 [main] INFO  o.s.d.r.c.RepositoryConfigurationDelegate - Finished Spring Data repository scanning in 136 ms. Found 2 JPA repository interfaces.
2021-07-29_09-09-35 [main] INFO  o.s.cloud.context.scope.GenericScope - BeanFactory id=180c33fb-391a-3b90-9a22-bf798f6e695d
2021-07-29_09-09-35 [main] INFO  o.s.c.s.PostProcessorRegistrationDelegate$BeanPostProcessorChecker - Bean 'com.cognizant.pas.policy.feign.AuthorisingClient' of type [org.springframework.cloud.openfeign.FeignClientFactoryBean] is not eligible for getting processed by all BeanPostProcessors (for example: not eligible for auto-proxying)
2021-07-29_09-09-35 [main] INFO  o.s.c.s.PostProcessorRegistrationDelegate$BeanPostProcessorChecker - Bean 'com.cognizant.pas.policy.feign.ConsumerClient' of type [org.springframework.cloud.openfeign.FeignClientFactoryBean] is not eligible for getting processed by all BeanPostProcessors (for example: not eligible for auto-proxying)
2021-07-29_09-09-35 [main] INFO  o.s.c.s.PostProcessorRegistrationDelegate$BeanPostProcessorChecker - Bean 'com.cognizant.pas.policy.feign.QuotesClient' of type [org.springframework.cloud.openfeign.FeignClientFactoryBean] is not eligible for getting processed by all BeanPostProcessors (for example: not eligible for auto-proxying)
2021-07-29_09-09-35 [main] INFO  o.h.jpa.internal.util.LogHelper - HHH000204: Processing PersistenceUnitInfo [name: default]
2021-07-29_09-09-35 [main] INFO  org.hibernate.Version - HHH000412: Hibernate ORM core version 5.4.27.Final
2021-07-29_09-09-35 [main] INFO  o.h.annotations.common.Version - HCANN000001: Hibernate Commons Annotations {5.1.2.Final}
2021-07-29_09-09-35 [main] INFO  com.zaxxer.hikari.HikariDataSource - HikariPool-1 - Starting...
2021-07-29_09-09-35 [main] INFO  com.zaxxer.hikari.HikariDataSource - HikariPool-1 - Start completed.
2021-07-29_09-09-35 [main] INFO  org.hibernate.dialect.Dialect - HHH000400: Using dialect: org.hibernate.dialect.H2Dialect
2021-07-29_09-09-35 [main] INFO  o.h.e.t.j.p.i.JtaPlatformInitiator - HHH000490: Using JtaPlatform implementation: [org.hibernate.engine.transaction.jta.platform.internal.NoJtaPlatform]
2021-07-29_09-09-35 [main] INFO  o.s.o.j.LocalContainerEntityManagerFactoryBean - Initialized JPA EntityManagerFactory for persistence unit 'default'
2021-07-29_09-09-35 [main] INFO  o.s.b.a.h.H2ConsoleAutoConfiguration - H2 console available at '/db'. Database available at 'jdbc:h2:mem:pasdb'
2021-07-29_09-09-35 [main] INFO  s.d.s.w.PropertySourcedRequestMappingHandlerMapping - Mapped URL path [/v2/api-docs] onto method [springfox.documentation.swagger2.web.Swagger2Controller#getDocumentation(String, HttpServletRequest)]
2021-07-29_09-09-35 [main] INFO  o.s.s.c.ThreadPoolTaskExecutor - Initializing ExecutorService 'applicationTaskExecutor'
2021-07-29_09-09-35 [main] INFO  s.d.s.w.p.DocumentationPluginsBootstrapper - Context refreshed
2021-07-29_09-09-35 [main] INFO  s.d.s.w.p.DocumentationPluginsBootstrapper - Found 1 custom documentation plugin(s)
2021-07-29_09-09-35 [main] INFO  s.d.s.w.s.ApiListingReferenceScanner - Scanning for api listing references
2021-07-29_09-09-35 [main] INFO  c.c.p.p.PolicyMicroserviceApplicationTests - Started PolicyMicroserviceApplicationTests in 16.582 seconds (JVM running for 22.561)
2021-07-29_09-09-52 [main] INFO  c.c.p.p.PolicyMicroserviceApplication - Starting PolicyMicroserviceApplication using Java 15.0.2 on LAPTOP-3812AT6E with PID 1068 (started by devi in C:\Users\devi\Downloads\MFPE-Backups\backup-28th\Microservices\Policy-Microservice)
2021-07-29_09-09-52 [main] INFO  c.c.p.p.PolicyMicroserviceApplication - No active profile set, falling back to default profiles: default
2021-07-29_09-09-52 [main] INFO  o.s.d.r.c.RepositoryConfigurationDelegate - Bootstrapping Spring Data JPA repositories in DEFAULT mode.
2021-07-29_09-09-52 [main] INFO  o.s.d.r.c.RepositoryConfigurationDelegate - Finished Spring Data repository scanning in 64 ms. Found 2 JPA repository interfaces.
2021-07-29_09-09-52 [main] INFO  o.s.cloud.context.scope.GenericScope - BeanFactory id=f719bc95-716a-3ac7-a259-6eb3a1909b5f
2021-07-29_09-09-52 [main] INFO  o.s.c.s.PostProcessorRegistrationDelegate$BeanPostProcessorChecker - Bean 'com.cognizant.pas.policy.feign.AuthorisingClient' of type [org.springframework.cloud.openfeign.FeignClientFactoryBean] is not eligible for getting processed by all BeanPostProcessors (for example: not eligible for auto-proxying)
2021-07-29_09-09-52 [main] INFO  o.s.c.s.PostProcessorRegistrationDelegate$BeanPostProcessorChecker - Bean 'com.cognizant.pas.policy.feign.ConsumerClient' of type [org.springframework.cloud.openfeign.FeignClientFactoryBean] is not eligible for getting processed by all BeanPostProcessors (for example: not eligible for auto-proxying)
2021-07-29_09-09-52 [main] INFO  o.s.c.s.PostProcessorRegistrationDelegate$BeanPostProcessorChecker - Bean 'com.cognizant.pas.policy.feign.QuotesClient' of type [org.springframework.cloud.openfeign.FeignClientFactoryBean] is not eligible for getting processed by all BeanPostProcessors (for example: not eligible for auto-proxying)
2021-07-29_09-09-52 [main] INFO  o.s.b.w.e.tomcat.TomcatWebServer - Tomcat initialized with port(s): 8300 (http)
2021-07-29_09-09-52 [main] INFO  o.a.coyote.http11.Http11NioProtocol - Initializing ProtocolHandler ["http-nio-8300"]
2021-07-29_09-09-52 [main] INFO  o.a.catalina.core.StandardService - Starting service [Tomcat]
2021-07-29_09-09-52 [main] INFO  o.a.catalina.core.StandardEngine - Starting Servlet engine: [Apache Tomcat/9.0.41]
2021-07-29_09-09-52 [main] INFO  o.a.c.c.C.[.[.[/policy-api] - Initializing Spring embedded WebApplicationContext
2021-07-29_09-09-52 [main] INFO  o.s.b.w.s.c.ServletWebServerApplicationContext - Root WebApplicationContext: initialization completed in 1662 ms
2021-07-29_09-09-52 [main] INFO  com.zaxxer.hikari.HikariDataSource - HikariPool-2 - Starting...
2021-07-29_09-09-52 [main] INFO  com.zaxxer.hikari.HikariDataSource - HikariPool-2 - Start completed.
2021-07-29_09-09-52 [main] INFO  o.s.b.a.h.H2ConsoleAutoConfiguration - H2 console available at '/db'. Database available at 'jdbc:h2:mem:pasdb'
2021-07-29_09-09-52 [main] INFO  o.h.jpa.internal.util.LogHelper - HHH000204: Processing PersistenceUnitInfo [name: default]
2021-07-29_09-09-52 [main] INFO  org.hibernate.dialect.Dialect - HHH000400: Using dialect: org.hibernate.dialect.H2Dialect
2021-07-29_09-09-52 [main] INFO  o.h.e.t.j.p.i.JtaPlatformInitiator - HHH000490: Using JtaPlatform implementation: [org.hibernate.engine.transaction.jta.platform.internal.NoJtaPlatform]
2021-07-29_09-09-52 [main] INFO  o.s.o.j.LocalContainerEntityManagerFactoryBean - Initialized JPA EntityManagerFactory for persistence unit 'default'
2021-07-29_09-09-52 [main] INFO  s.d.s.w.PropertySourcedRequestMappingHandlerMapping - Mapped URL path [/v2/api-docs] onto method [springfox.documentation.swagger2.web.Swagger2Controller#getDocumentation(String, HttpServletRequest)]
2021-07-29_09-09-52 [main] INFO  o.s.s.c.ThreadPoolTaskExecutor - Initializing ExecutorService 'applicationTaskExecutor'
2021-07-29_09-09-52 [main] INFO  o.a.coyote.http11.Http11NioProtocol - Starting ProtocolHandler ["http-nio-8300"]
2021-07-29_09-09-52 [main] INFO  o.s.b.w.e.tomcat.TomcatWebServer - Tomcat started on port(s): 8300 (http) with context path '/policy-api'
2021-07-29_09-09-52 [main] INFO  s.d.s.w.p.DocumentationPluginsBootstrapper - Context refreshed
2021-07-29_09-09-52 [main] INFO  s.d.s.w.p.DocumentationPluginsBootstrapper - Found 1 custom documentation plugin(s)
2021-07-29_09-09-52 [main] INFO  s.d.s.w.s.ApiListingReferenceScanner - Scanning for api listing references
2021-07-29_09-09-52 [main] INFO  c.c.p.p.PolicyMicroserviceApplication - Started PolicyMicroserviceApplication in 3.552 seconds (JVM running for 26.189)
2021-07-29_09-09-52 [main] INFO  o.s.b.t.a.w.s.WebMvcTestContextBootstrapper - Neither @ContextConfiguration nor @ContextHierarchy found for test class [com.cognizant.pas.policy.controller.PolicyControllerTests], using SpringBootContextLoader
2021-07-29_09-09-52 [main] INFO  o.s.t.c.s.AbstractContextLoader - Could not detect default resource locations for test class [com.cognizant.pas.policy.controller.PolicyControllerTests]: no resource found for suffixes {-context.xml, Context.groovy}.
2021-07-29_09-09-52 [main] INFO  o.s.t.c.s.AnnotationConfigContextLoaderUtils - Could not detect default configuration classes for test class [com.cognizant.pas.policy.controller.PolicyControllerTests]: PolicyControllerTests does not declare any static, non-private, non-final, nested classes annotated with @Configuration.
2021-07-29_09-09-52 [main] INFO  o.s.b.t.c.SpringBootTestContextBootstrapper - Found @SpringBootConfiguration com.cognizant.pas.policy.PolicyMicroserviceApplication for test class com.cognizant.pas.policy.controller.PolicyControllerTests
2021-07-29_09-09-52 [main] INFO  o.s.b.t.a.w.s.WebMvcTestContextBootstrapper - Loaded default TestExecutionListener class names from location [META-INF/spring.factories]: [org.springframework.boot.test.mock.mockito.MockitoTestExecutionListener, org.springframework.boot.test.mock.mockito.ResetMocksTestExecutionListener, org.springframework.boot.test.autoconfigure.restdocs.RestDocsTestExecutionListener, org.springframework.boot.test.autoconfigure.web.client.MockRestServiceServerResetTestExecutionListener, org.springframework.boot.test.autoconfigure.web.servlet.MockMvcPrintOnlyOnFailureTestExecutionListener, org.springframework.boot.test.autoconfigure.web.servlet.WebDriverTestExecutionListener, org.springframework.boot.test.autoconfigure.webservices.client.MockWebServiceServerTestExecutionListener, org.springframework.test.context.web.ServletTestExecutionListener, org.springframework.test.context.support.DirtiesContextBeforeModesTestExecutionListener, org.springframework.test.context.event.ApplicationEventsTestExecutionListener, org.springframework.test.context.support.DependencyInjectionTestExecutionListener, org.springframework.test.context.support.DirtiesContextTestExecutionListener, org.springframework.test.context.transaction.TransactionalTestExecutionListener, org.springframework.test.context.jdbc.SqlScriptsTestExecutionListener, org.springframework.test.context.event.EventPublishingTestExecutionListener]
2021-07-29_09-09-52 [main] INFO  o.s.b.t.a.w.s.WebMvcTestContextBootstrapper - Using TestExecutionListeners: [org.springframework.test.context.web.ServletTestExecutionListener@20f6fd0, org.springframework.test.context.support.DirtiesContextBeforeModesTestExecutionListener@54034428, org.springframework.test.context.event.ApplicationEventsTestExecutionListener@6b5babef, org.springframework.boot.test.mock.mockito.MockitoTestExecutionListener@5a8daa91, org.springframework.boot.test.autoconfigure.SpringBootDependencyInjectionTestExecutionListener@23053fff, org.springframework.test.context.support.DirtiesContextTestExecutionListener@6de90db3, org.springframework.test.context.transaction.TransactionalTestExecutionListener@5b5bd732, org.springframework.test.context.jdbc.SqlScriptsTestExecutionListener@6cb537ea, org.springframework.test.context.event.EventPublishingTestExecutionListener@66c51744, org.springframework.boot.test.mock.mockito.ResetMocksTestExecutionListener@43640aba, org.springframework.boot.test.autoconfigure.restdocs.RestDocsTestExecutionListener@4683a7a3, org.springframework.boot.test.autoconfigure.web.client.MockRestServiceServerResetTestExecutionListener@3ccc2fe, org.springframework.boot.test.autoconfigure.web.servlet.MockMvcPrintOnlyOnFailureTestExecutionListener@4dfd8af4, org.springframework.boot.test.autoconfigure.web.servlet.WebDriverTestExecutionListener@2eaf682b, org.springframework.boot.test.autoconfigure.webservices.client.MockWebServiceServerTestExecutionListener@754a6ce2]
2021-07-29_09-09-55 [main] INFO  c.c.p.p.c.PolicyControllerTests - Starting PolicyControllerTests using Java 15.0.2 on LAPTOP-3812AT6E with PID 1068 (started by devi in C:\Users\devi\Downloads\MFPE-Backups\backup-28th\Microservices\Policy-Microservice)
2021-07-29_09-09-55 [main] INFO  c.c.p.p.c.PolicyControllerTests - No active profile set, falling back to default profiles: default
2021-07-29_09-09-55 [main] INFO  o.s.c.s.PostProcessorRegistrationDelegate$BeanPostProcessorChecker - Bean 'com.cognizant.pas.policy.feign.AuthorisingClient' of type [org.springframework.cloud.openfeign.FeignClientFactoryBean] is not eligible for getting processed by all BeanPostProcessors (for example: not eligible for auto-proxying)
2021-07-29_09-09-55 [main] INFO  o.s.c.s.PostProcessorRegistrationDelegate$BeanPostProcessorChecker - Bean 'com.cognizant.pas.policy.feign.ConsumerClient' of type [org.springframework.cloud.openfeign.FeignClientFactoryBean] is not eligible for getting processed by all BeanPostProcessors (for example: not eligible for auto-proxying)
2021-07-29_09-09-55 [main] INFO  o.s.c.s.PostProcessorRegistrationDelegate$BeanPostProcessorChecker - Bean 'com.cognizant.pas.policy.feign.QuotesClient' of type [org.springframework.cloud.openfeign.FeignClientFactoryBean] is not eligible for getting processed by all BeanPostProcessors (for example: not eligible for auto-proxying)
2021-07-29_09-09-55 [main] INFO  o.s.b.a.l.ConditionEvaluationReportLoggingListener - 

Error starting ApplicationContext. To display the conditions report re-run your application with 'debug' enabled.
2021-07-29_09-09-56 [main] INFO  c.c.p.p.c.PolicyControllerTests - Starting PolicyControllerTests using Java 15.0.2 on LAPTOP-3812AT6E with PID 1068 (started by devi in C:\Users\devi\Downloads\MFPE-Backups\backup-28th\Microservices\Policy-Microservice)
2021-07-29_09-09-56 [main] INFO  c.c.p.p.c.PolicyControllerTests - No active profile set, falling back to default profiles: default
2021-07-29_09-09-56 [main] INFO  o.s.c.s.PostProcessorRegistrationDelegate$BeanPostProcessorChecker - Bean 'com.cognizant.pas.policy.feign.AuthorisingClient' of type [org.springframework.cloud.openfeign.FeignClientFactoryBean] is not eligible for getting processed by all BeanPostProcessors (for example: not eligible for auto-proxying)
2021-07-29_09-09-56 [main] INFO  o.s.c.s.PostProcessorRegistrationDelegate$BeanPostProcessorChecker - Bean 'com.cognizant.pas.policy.feign.ConsumerClient' of type [org.springframework.cloud.openfeign.FeignClientFactoryBean] is not eligible for getting processed by all BeanPostProcessors (for example: not eligible for auto-proxying)
2021-07-29_09-09-56 [main] INFO  o.s.c.s.PostProcessorRegistrationDelegate$BeanPostProcessorChecker - Bean 'com.cognizant.pas.policy.feign.QuotesClient' of type [org.springframework.cloud.openfeign.FeignClientFactoryBean] is not eligible for getting processed by all BeanPostProcessors (for example: not eligible for auto-proxying)
2021-07-29_09-09-56 [main] INFO  o.s.b.a.l.ConditionEvaluationReportLoggingListener - 

Error starting ApplicationContext. To display the conditions report re-run your application with 'debug' enabled.
2021-07-29_09-09-57 [main] INFO  c.c.p.p.c.PolicyControllerTests - Starting PolicyControllerTests using Java 15.0.2 on LAPTOP-3812AT6E with PID 1068 (started by devi in C:\Users\devi\Downloads\MFPE-Backups\backup-28th\Microservices\Policy-Microservice)
2021-07-29_09-09-57 [main] INFO  c.c.p.p.c.PolicyControllerTests - No active profile set, falling back to default profiles: default
2021-07-29_09-09-57 [main] INFO  o.s.c.s.PostProcessorRegistrationDelegate$BeanPostProcessorChecker - Bean 'com.cognizant.pas.policy.feign.AuthorisingClient' of type [org.springframework.cloud.openfeign.FeignClientFactoryBean] is not eligible for getting processed by all BeanPostProcessors (for example: not eligible for auto-proxying)
2021-07-29_09-09-57 [main] INFO  o.s.c.s.PostProcessorRegistrationDelegate$BeanPostProcessorChecker - Bean 'com.cognizant.pas.policy.feign.ConsumerClient' of type [org.springframework.cloud.openfeign.FeignClientFactoryBean] is not eligible for getting processed by all BeanPostProcessors (for example: not eligible for auto-proxying)
2021-07-29_09-09-57 [main] INFO  o.s.c.s.PostProcessorRegistrationDelegate$BeanPostProcessorChecker - Bean 'com.cognizant.pas.policy.feign.QuotesClient' of type [org.springframework.cloud.openfeign.FeignClientFactoryBean] is not eligible for getting processed by all BeanPostProcessors (for example: not eligible for auto-proxying)
2021-07-29_09-09-57 [main] INFO  o.s.b.a.l.ConditionEvaluationReportLoggingListener - 

Error starting ApplicationContext. To display the conditions report re-run your application with 'debug' enabled.
2021-07-29_09-09-57 [main] INFO  o.s.b.t.c.SpringBootTestContextBootstrapper - Neither @ContextConfiguration nor @ContextHierarchy found for test class [com.cognizant.pas.policy.exception.AuthorizationExceptionTest], using SpringBootContextLoader
2021-07-29_09-09-57 [main] INFO  o.s.t.c.s.AbstractContextLoader - Could not detect default resource locations for test class [com.cognizant.pas.policy.exception.AuthorizationExceptionTest]: no resource found for suffixes {-context.xml, Context.groovy}.
2021-07-29_09-09-57 [main] INFO  o.s.t.c.s.AnnotationConfigContextLoaderUtils - Could not detect default configuration classes for test class [com.cognizant.pas.policy.exception.AuthorizationExceptionTest]: AuthorizationExceptionTest does not declare any static, non-private, non-final, nested classes annotated with @Configuration.
2021-07-29_09-09-57 [main] INFO  o.s.b.t.c.SpringBootTestContextBootstrapper - Found @SpringBootConfiguration com.cognizant.pas.policy.PolicyMicroserviceApplication for test class com.cognizant.pas.policy.exception.AuthorizationExceptionTest
2021-07-29_09-09-57 [main] INFO  o.s.b.t.c.SpringBootTestContextBootstrapper - Loaded default TestExecutionListener class names from location [META-INF/spring.factories]: [org.springframework.boot.test.mock.mockito.MockitoTestExecutionListener, org.springframework.boot.test.mock.mockito.ResetMocksTestExecutionListener, org.springframework.boot.test.autoconfigure.restdocs.RestDocsTestExecutionListener, org.springframework.boot.test.autoconfigure.web.client.MockRestServiceServerResetTestExecutionListener, org.springframework.boot.test.autoconfigure.web.servlet.MockMvcPrintOnlyOnFailureTestExecutionListener, org.springframework.boot.test.autoconfigure.web.servlet.WebDriverTestExecutionListener, org.springframework.boot.test.autoconfigure.webservices.client.MockWebServiceServerTestExecutionListener, org.springframework.test.context.web.ServletTestExecutionListener, org.springframework.test.context.support.DirtiesContextBeforeModesTestExecutionListener, org.springframework.test.context.event.ApplicationEventsTestExecutionListener, org.springframework.test.context.support.DependencyInjectionTestExecutionListener, org.springframework.test.context.support.DirtiesContextTestExecutionListener, org.springframework.test.context.transaction.TransactionalTestExecutionListener, org.springframework.test.context.jdbc.SqlScriptsTestExecutionListener, org.springframework.test.context.event.EventPublishingTestExecutionListener]
2021-07-29_09-09-57 [main] INFO  o.s.b.t.c.SpringBootTestContextBootstrapper - Using TestExecutionListeners: [org.springframework.test.context.web.ServletTestExecutionListener@50632668, org.springframework.test.context.support.DirtiesContextBeforeModesTestExecutionListener@7f3546ae, org.springframework.test.context.event.ApplicationEventsTestExecutionListener@59acb5d9, org.springframework.boot.test.mock.mockito.MockitoTestExecutionListener@751ef860, org.springframework.boot.test.autoconfigure.SpringBootDependencyInjectionTestExecutionListener@3c87c0cd, org.springframework.test.context.support.DirtiesContextTestExecutionListener@6952e1c5, org.springframework.test.context.transaction.TransactionalTestExecutionListener@55ec934b, org.springframework.test.context.jdbc.SqlScriptsTestExecutionListener@57b3ac6e, org.springframework.test.context.event.EventPublishingTestExecutionListener@55b08ffd, org.springframework.boot.test.mock.mockito.ResetMocksTestExecutionListener@2b120047, org.springframework.boot.test.autoconfigure.restdocs.RestDocsTestExecutionListener@1ad5b8a5, org.springframework.boot.test.autoconfigure.web.client.MockRestServiceServerResetTestExecutionListener@50cfa74d, org.springframework.boot.test.autoconfigure.web.servlet.MockMvcPrintOnlyOnFailureTestExecutionListener@15105ce, org.springframework.boot.test.autoconfigure.web.servlet.WebDriverTestExecutionListener@3afa2d9b, org.springframework.boot.test.autoconfigure.webservices.client.MockWebServiceServerTestExecutionListener@dddbaf1]
2021-07-29_09-09-57 [main] INFO  c.c.p.p.e.AuthorizationExceptionTest - Starting AuthorizationExceptionTest using Java 15.0.2 on LAPTOP-3812AT6E with PID 1068 (started by devi in C:\Users\devi\Downloads\MFPE-Backups\backup-28th\Microservices\Policy-Microservice)
2021-07-29_09-09-57 [main] INFO  c.c.p.p.e.AuthorizationExceptionTest - No active profile set, falling back to default profiles: default
2021-07-29_09-09-57 [main] INFO  o.s.d.r.c.RepositoryConfigurationDelegate - Bootstrapping Spring Data JPA repositories in DEFAULT mode.
2021-07-29_09-09-57 [main] INFO  o.s.d.r.c.RepositoryConfigurationDelegate - Finished Spring Data repository scanning in 46 ms. Found 2 JPA repository interfaces.
2021-07-29_09-09-57 [main] INFO  o.s.cloud.context.scope.GenericScope - BeanFactory id=180c33fb-391a-3b90-9a22-bf798f6e695d
2021-07-29_09-09-57 [main] INFO  o.s.c.s.PostProcessorRegistrationDelegate$BeanPostProcessorChecker - Bean 'com.cognizant.pas.policy.feign.ConsumerClient' of type [org.springframework.cloud.openfeign.FeignClientFactoryBean] is not eligible for getting processed by all BeanPostProcessors (for example: not eligible for auto-proxying)
2021-07-29_09-09-57 [main] INFO  o.s.c.s.PostProcessorRegistrationDelegate$BeanPostProcessorChecker - Bean 'com.cognizant.pas.policy.feign.QuotesClient' of type [org.springframework.cloud.openfeign.FeignClientFactoryBean] is not eligible for getting processed by all BeanPostProcessors (for example: not eligible for auto-proxying)
2021-07-29_09-09-57 [main] INFO  o.h.jpa.internal.util.LogHelper - HHH000204: Processing PersistenceUnitInfo [name: default]
2021-07-29_09-09-57 [main] INFO  com.zaxxer.hikari.HikariDataSource - HikariPool-3 - Starting...
2021-07-29_09-09-57 [main] INFO  com.zaxxer.hikari.HikariDataSource - HikariPool-3 - Start completed.
2021-07-29_09-09-57 [main] INFO  org.hibernate.dialect.Dialect - HHH000400: Using dialect: org.hibernate.dialect.H2Dialect
2021-07-29_09-09-57 [main] INFO  o.h.e.t.j.p.i.JtaPlatformInitiator - HHH000490: Using JtaPlatform implementation: [org.hibernate.engine.transaction.jta.platform.internal.NoJtaPlatform]
2021-07-29_09-09-57 [main] INFO  o.s.o.j.LocalContainerEntityManagerFactoryBean - Initialized JPA EntityManagerFactory for persistence unit 'default'
2021-07-29_09-09-57 [main] INFO  o.s.b.a.h.H2ConsoleAutoConfiguration - H2 console available at '/db'. Database available at 'jdbc:h2:mem:pasdb'
2021-07-29_09-09-57 [main] INFO  s.d.s.w.PropertySourcedRequestMappingHandlerMapping - Mapped URL path [/v2/api-docs] onto method [springfox.documentation.swagger2.web.Swagger2Controller#getDocumentation(String, HttpServletRequest)]
2021-07-29_09-09-57 [main] INFO  o.s.s.c.ThreadPoolTaskExecutor - Initializing ExecutorService 'applicationTaskExecutor'
2021-07-29_09-09-57 [main] INFO  s.d.s.w.p.DocumentationPluginsBootstrapper - Context refreshed
2021-07-29_09-09-57 [main] INFO  s.d.s.w.p.DocumentationPluginsBootstrapper - Found 1 custom documentation plugin(s)
2021-07-29_09-09-57 [main] INFO  s.d.s.w.s.ApiListingReferenceScanner - Scanning for api listing references
2021-07-29_09-09-57 [main] INFO  c.c.p.p.e.AuthorizationExceptionTest - Started AuthorizationExceptionTest in 3.574 seconds (JVM running for 31.988)
2021-07-29_09-09-57 [main] INFO  o.s.b.t.c.SpringBootTestContextBootstrapper - Neither @ContextConfiguration nor @ContextHierarchy found for test class [com.cognizant.pas.policy.exception.GlobalExceptionHandlerTest], using SpringBootContextLoader
2021-07-29_09-09-57 [main] INFO  o.s.t.c.s.AbstractContextLoader - Could not detect default resource locations for test class [com.cognizant.pas.policy.exception.GlobalExceptionHandlerTest]: no resource found for suffixes {-context.xml, Context.groovy}.
2021-07-29_09-09-57 [main] INFO  o.s.t.c.s.AnnotationConfigContextLoaderUtils - Could not detect default configuration classes for test class [com.cognizant.pas.policy.exception.GlobalExceptionHandlerTest]: GlobalExceptionHandlerTest does not declare any static, non-private, non-final, nested classes annotated with @Configuration.
2021-07-29_09-09-57 [main] INFO  o.s.b.t.c.SpringBootTestContextBootstrapper - Found @SpringBootConfiguration com.cognizant.pas.policy.PolicyMicroserviceApplication for test class com.cognizant.pas.policy.exception.GlobalExceptionHandlerTest
2021-07-29_09-09-57 [main] INFO  o.s.b.t.c.SpringBootTestContextBootstrapper - Loaded default TestExecutionListener class names from location [META-INF/spring.factories]: [org.springframework.boot.test.mock.mockito.MockitoTestExecutionListener, org.springframework.boot.test.mock.mockito.ResetMocksTestExecutionListener, org.springframework.boot.test.autoconfigure.restdocs.RestDocsTestExecutionListener, org.springframework.boot.test.autoconfigure.web.client.MockRestServiceServerResetTestExecutionListener, org.springframework.boot.test.autoconfigure.web.servlet.MockMvcPrintOnlyOnFailureTestExecutionListener, org.springframework.boot.test.autoconfigure.web.servlet.WebDriverTestExecutionListener, org.springframework.boot.test.autoconfigure.webservices.client.MockWebServiceServerTestExecutionListener, org.springframework.test.context.web.ServletTestExecutionListener, org.springframework.test.context.support.DirtiesContextBeforeModesTestExecutionListener, org.springframework.test.context.event.ApplicationEventsTestExecutionListener, org.springframework.test.context.support.DependencyInjectionTestExecutionListener, org.springframework.test.context.support.DirtiesContextTestExecutionListener, org.springframework.test.context.transaction.TransactionalTestExecutionListener, org.springframework.test.context.jdbc.SqlScriptsTestExecutionListener, org.springframework.test.context.event.EventPublishingTestExecutionListener]
2021-07-29_09-09-57 [main] INFO  o.s.b.t.c.SpringBootTestContextBootstrapper - Using TestExecutionListeners: [org.springframework.test.context.web.ServletTestExecutionListener@3a52b3a2, org.springframework.test.context.support.DirtiesContextBeforeModesTestExecutionListener@6cfad9cb, org.springframework.test.context.event.ApplicationEventsTestExecutionListener@4abe2ab5, org.springframework.boot.test.mock.mockito.MockitoTestExecutionListener@4da6d22, org.springframework.boot.test.autoconfigure.SpringBootDependencyInjectionTestExecutionListener@2b3a11b8, org.springframework.test.context.support.DirtiesContextTestExecutionListener@11b4b195, org.springframework.test.context.transaction.TransactionalTestExecutionListener@2ae4da94, org.springframework.test.context.jdbc.SqlScriptsTestExecutionListener@7d000197, org.springframework.test.context.event.EventPublishingTestExecutionListener@6cc785e, org.springframework.boot.test.mock.mockito.ResetMocksTestExecutionListener@3240490b, org.springframework.boot.test.autoconfigure.restdocs.RestDocsTestExecutionListener@3efc05ad, org.springframework.boot.test.autoconfigure.web.client.MockRestServiceServerResetTestExecutionListener@430da75c, org.springframework.boot.test.autoconfigure.web.servlet.MockMvcPrintOnlyOnFailureTestExecutionListener@26e629eb, org.springframework.boot.test.autoconfigure.web.servlet.WebDriverTestExecutionListener@16de242d, org.springframework.boot.test.autoconfigure.webservices.client.MockWebServiceServerTestExecutionListener@48518a36]
2021-07-29_09-09-57 [main] INFO  o.s.b.t.c.SpringBootTestContextBootstrapper - Neither @ContextConfiguration nor @ContextHierarchy found for test class [com.cognizant.pas.policy.exception.ExceptionDetailsTest], using SpringBootContextLoader
2021-07-29_09-09-57 [main] INFO  o.s.t.c.s.AbstractContextLoader - Could not detect default resource locations for test class [com.cognizant.pas.policy.exception.ExceptionDetailsTest]: no resource found for suffixes {-context.xml, Context.groovy}.
2021-07-29_09-09-57 [main] INFO  o.s.t.c.s.AnnotationConfigContextLoaderUtils - Could not detect default configuration classes for test class [com.cognizant.pas.policy.exception.ExceptionDetailsTest]: ExceptionDetailsTest does not declare any static, non-private, non-final, nested classes annotated with @Configuration.
2021-07-29_09-09-57 [main] INFO  o.s.b.t.c.SpringBootTestContextBootstrapper - Found @SpringBootConfiguration com.cognizant.pas.policy.PolicyMicroserviceApplication for test class com.cognizant.pas.policy.exception.ExceptionDetailsTest
2021-07-29_09-09-57 [main] INFO  o.s.b.t.c.SpringBootTestContextBootstrapper - Loaded default TestExecutionListener class names from location [META-INF/spring.factories]: [org.springframework.boot.test.mock.mockito.MockitoTestExecutionListener, org.springframework.boot.test.mock.mockito.ResetMocksTestExecutionListener, org.springframework.boot.test.autoconfigure.restdocs.RestDocsTestExecutionListener, org.springframework.boot.test.autoconfigure.web.client.MockRestServiceServerResetTestExecutionListener, org.springframework.boot.test.autoconfigure.web.servlet.MockMvcPrintOnlyOnFailureTestExecutionListener, org.springframework.boot.test.autoconfigure.web.servlet.WebDriverTestExecutionListener, org.springframework.boot.test.autoconfigure.webservices.client.MockWebServiceServerTestExecutionListener, org.springframework.test.context.web.ServletTestExecutionListener, org.springframework.test.context.support.DirtiesContextBeforeModesTestExecutionListener, org.springframework.test.context.event.ApplicationEventsTestExecutionListener, org.springframework.test.context.support.DependencyInjectionTestExecutionListener, org.springframework.test.context.support.DirtiesContextTestExecutionListener, org.springframework.test.context.transaction.TransactionalTestExecutionListener, org.springframework.test.context.jdbc.SqlScriptsTestExecutionListener, org.springframework.test.context.event.EventPublishingTestExecutionListener]
2021-07-29_09-09-57 [main] INFO  o.s.b.t.c.SpringBootTestContextBootstrapper - Using TestExecutionListeners: [org.springframework.test.context.web.ServletTestExecutionListener@2f0f48a4, org.springframework.test.context.support.DirtiesContextBeforeModesTestExecutionListener@c8f1df3, org.springframework.test.context.event.ApplicationEventsTestExecutionListener@2054739, org.springframework.boot.test.mock.mockito.MockitoTestExecutionListener@65069b50, org.springframework.boot.test.autoconfigure.SpringBootDependencyInjectionTestExecutionListener@3099b53c, org.springframework.test.context.support.DirtiesContextTestExecutionListener@440d4659, org.springframework.test.context.transaction.TransactionalTestExecutionListener@6c99fd6e, org.springframework.test.context.jdbc.SqlScriptsTestExecutionListener@3d1427b6, org.springframework.test.context.event.EventPublishingTestExecutionListener@4059557d, org.springframework.boot.test.mock.mockito.ResetMocksTestExecutionListener@6e48fca1, org.springframework.boot.test.autoconfigure.restdocs.RestDocsTestExecutionListener@4d191e8b, org.springframework.boot.test.autoconfigure.web.client.MockRestServiceServerResetTestExecutionListener@512cb909, org.springframework.boot.test.autoconfigure.web.servlet.MockMvcPrintOnlyOnFailureTestExecutionListener@5bd4ecec, org.springframework.boot.test.autoconfigure.web.servlet.WebDriverTestExecutionListener@72d0aec3, org.springframework.boot.test.autoconfigure.webservices.client.MockWebServiceServerTestExecutionListener@77380b54]
2021-07-29_09-09-57 [SpringContextShutdownHook] INFO  o.s.s.c.ThreadPoolTaskExecutor - Shutting down ExecutorService 'applicationTaskExecutor'
2021-07-29_09-09-57 [SpringContextShutdownHook] INFO  o.s.s.c.ThreadPoolTaskExecutor - Shutting down ExecutorService 'applicationTaskExecutor'
2021-07-29_09-09-57 [SpringContextShutdownHook] INFO  o.s.o.j.LocalContainerEntityManagerFactoryBean - Closing JPA EntityManagerFactory for persistence unit 'default'
2021-07-29_09-09-57 [SpringContextShutdownHook] INFO  o.h.t.s.i.SchemaDropperImpl$DelayedDropActionImpl - HHH000477: Starting delayed evictData of schema as part of SessionFactory shut-down'
2021-07-29_09-09-57 [SpringContextShutdownHook] INFO  o.s.o.j.LocalContainerEntityManagerFactoryBean - Closing JPA EntityManagerFactory for persistence unit 'default'
2021-07-29_09-09-57 [SpringContextShutdownHook] INFO  o.h.t.s.i.SchemaDropperImpl$DelayedDropActionImpl - HHH000477: Starting delayed evictData of schema as part of SessionFactory shut-down'
2021-07-29_09-09-57 [SpringContextShutdownHook] INFO  com.zaxxer.hikari.HikariDataSource - HikariPool-3 - Shutdown initiated...
2021-07-29_09-09-57 [SpringContextShutdownHook] INFO  com.zaxxer.hikari.HikariDataSource - HikariPool-1 - Shutdown initiated...
2021-07-29_09-09-57 [SpringContextShutdownHook] INFO  com.zaxxer.hikari.HikariDataSource - HikariPool-3 - Shutdown completed.
2021-07-29_09-09-57 [SpringContextShutdownHook] INFO  com.zaxxer.hikari.HikariDataSource - HikariPool-1 - Shutdown completed.
2021-07-29_09-09-57 [SpringContextShutdownHook] INFO  o.s.s.c.ThreadPoolTaskExecutor - Shutting down ExecutorService 'applicationTaskExecutor'
2021-07-29_09-09-57 [SpringContextShutdownHook] INFO  o.s.o.j.LocalContainerEntityManagerFactoryBean - Closing JPA EntityManagerFactory for persistence unit 'default'
2021-07-29_09-09-57 [SpringContextShutdownHook] INFO  o.h.t.s.i.SchemaDropperImpl$DelayedDropActionImpl - HHH000477: Starting delayed evictData of schema as part of SessionFactory shut-down'
2021-07-29_09-09-57 [SpringContextShutdownHook] INFO  com.zaxxer.hikari.HikariDataSource - HikariPool-2 - Shutdown initiated...
2021-07-29_09-09-57 [SpringContextShutdownHook] INFO  com.zaxxer.hikari.HikariDataSource - HikariPool-2 - Shutdown completed.
2021-07-29_09-10-52 [background-preinit] INFO  o.h.validator.internal.util.Version - HV000001: Hibernate Validator 6.1.7.Final
2021-07-29_09-10-52 [restartedMain] INFO  c.c.p.p.PolicyMicroserviceApplication - Starting PolicyMicroserviceApplication using Java 15.0.2 on LAPTOP-3812AT6E with PID 17364 (C:\Users\devi\Downloads\MFPE-Backups\backup-28th\Microservices\Policy-Microservice\target\classes started by devi in C:\Users\devi\Downloads\MFPE-Backups\backup-28th\Microservices\Policy-Microservice)
2021-07-29_09-10-52 [restartedMain] INFO  c.c.p.p.PolicyMicroserviceApplication - No active profile set, falling back to default profiles: default
2021-07-29_09-10-52 [restartedMain] INFO  o.s.b.d.e.DevToolsPropertyDefaultsPostProcessor - Devtools property defaults active! Set 'spring.devtools.add-properties' to 'false' to disable
2021-07-29_09-10-52 [restartedMain] INFO  o.s.b.d.e.DevToolsPropertyDefaultsPostProcessor - For additional web related logging consider setting the 'logging.level.web' property to 'DEBUG'
2021-07-29_09-10-52 [restartedMain] INFO  o.s.d.r.c.RepositoryConfigurationDelegate - Bootstrapping Spring Data JPA repositories in DEFAULT mode.
2021-07-29_09-10-52 [restartedMain] INFO  o.s.d.r.c.RepositoryConfigurationDelegate - Finished Spring Data repository scanning in 99 ms. Found 2 JPA repository interfaces.
2021-07-29_09-10-52 [restartedMain] INFO  o.s.cloud.context.scope.GenericScope - BeanFactory id=7f239560-74ab-343d-90fb-c2a50a8d06ff
2021-07-29_09-10-52 [restartedMain] INFO  o.s.c.s.PostProcessorRegistrationDelegate$BeanPostProcessorChecker - Bean 'com.cognizant.pas.policy.feign.AuthorisingClient' of type [org.springframework.cloud.openfeign.FeignClientFactoryBean] is not eligible for getting processed by all BeanPostProcessors (for example: not eligible for auto-proxying)
2021-07-29_09-10-52 [restartedMain] INFO  o.s.c.s.PostProcessorRegistrationDelegate$BeanPostProcessorChecker - Bean 'com.cognizant.pas.policy.feign.ConsumerClient' of type [org.springframework.cloud.openfeign.FeignClientFactoryBean] is not eligible for getting processed by all BeanPostProcessors (for example: not eligible for auto-proxying)
2021-07-29_09-10-52 [restartedMain] INFO  o.s.c.s.PostProcessorRegistrationDelegate$BeanPostProcessorChecker - Bean 'com.cognizant.pas.policy.feign.QuotesClient' of type [org.springframework.cloud.openfeign.FeignClientFactoryBean] is not eligible for getting processed by all BeanPostProcessors (for example: not eligible for auto-proxying)
2021-07-29_09-10-52 [restartedMain] INFO  o.s.b.w.e.tomcat.TomcatWebServer - Tomcat initialized with port(s): 8300 (http)
2021-07-29_09-10-52 [restartedMain] INFO  o.a.coyote.http11.Http11NioProtocol - Initializing ProtocolHandler ["http-nio-8300"]
2021-07-29_09-10-52 [restartedMain] INFO  o.a.catalina.core.StandardService - Starting service [Tomcat]
2021-07-29_09-10-52 [restartedMain] INFO  o.a.catalina.core.StandardEngine - Starting Servlet engine: [Apache Tomcat/9.0.41]
2021-07-29_09-10-52 [restartedMain] INFO  o.a.c.c.C.[.[.[/policy-api] - Initializing Spring embedded WebApplicationContext
2021-07-29_09-10-52 [restartedMain] INFO  o.s.b.w.s.c.ServletWebServerApplicationContext - Root WebApplicationContext: initialization completed in 3670 ms
2021-07-29_09-10-52 [restartedMain] INFO  com.zaxxer.hikari.HikariDataSource - HikariPool-1 - Starting...
2021-07-29_09-10-52 [restartedMain] INFO  com.zaxxer.hikari.HikariDataSource - HikariPool-1 - Start completed.
2021-07-29_09-10-52 [restartedMain] INFO  o.s.b.a.h.H2ConsoleAutoConfiguration - H2 console available at '/db'. Database available at 'jdbc:h2:mem:pasdb'
2021-07-29_09-10-52 [restartedMain] INFO  o.h.jpa.internal.util.LogHelper - HHH000204: Processing PersistenceUnitInfo [name: default]
2021-07-29_09-10-52 [restartedMain] INFO  org.hibernate.Version - HHH000412: Hibernate ORM core version 5.4.27.Final
2021-07-29_09-10-52 [restartedMain] INFO  o.h.annotations.common.Version - HCANN000001: Hibernate Commons Annotations {5.1.2.Final}
2021-07-29_09-10-52 [restartedMain] INFO  org.hibernate.dialect.Dialect - HHH000400: Using dialect: org.hibernate.dialect.H2Dialect
2021-07-29_09-10-52 [restartedMain] INFO  o.h.e.t.j.p.i.JtaPlatformInitiator - HHH000490: Using JtaPlatform implementation: [org.hibernate.engine.transaction.jta.platform.internal.NoJtaPlatform]
2021-07-29_09-10-52 [restartedMain] INFO  o.s.o.j.LocalContainerEntityManagerFactoryBean - Initialized JPA EntityManagerFactory for persistence unit 'default'
2021-07-29_09-10-52 [restartedMain] INFO  o.s.b.d.a.OptionalLiveReloadServer - LiveReload server is running on port 35729
2021-07-29_09-10-52 [restartedMain] INFO  s.d.s.w.PropertySourcedRequestMappingHandlerMapping - Mapped URL path [/v2/api-docs] onto method [springfox.documentation.swagger2.web.Swagger2Controller#getDocumentation(String, HttpServletRequest)]
2021-07-29_09-10-52 [restartedMain] INFO  o.s.s.c.ThreadPoolTaskExecutor - Initializing ExecutorService 'applicationTaskExecutor'
2021-07-29_09-10-52 [restartedMain] INFO  o.a.coyote.http11.Http11NioProtocol - Starting ProtocolHandler ["http-nio-8300"]
2021-07-29_09-10-52 [restartedMain] INFO  o.s.b.w.e.tomcat.TomcatWebServer - Tomcat started on port(s): 8300 (http) with context path '/policy-api'
2021-07-29_09-10-52 [restartedMain] INFO  s.d.s.w.p.DocumentationPluginsBootstrapper - Context refreshed
2021-07-29_09-10-52 [restartedMain] INFO  s.d.s.w.p.DocumentationPluginsBootstrapper - Found 1 custom documentation plugin(s)
2021-07-29_09-10-52 [restartedMain] INFO  s.d.s.w.s.ApiListingReferenceScanner - Scanning for api listing references
2021-07-29_09-10-52 [restartedMain] INFO  c.c.p.p.PolicyMicroserviceApplication - Started PolicyMicroserviceApplication in 10.086 seconds (JVM running for 11.545)
2021-07-29_09-15-14 [main] INFO  o.s.b.t.c.SpringBootTestContextBootstrapper - Neither @ContextConfiguration nor @ContextHierarchy found for test class [com.cognizant.pas.policy.PolicyMicroserviceApplicationTests], using SpringBootContextLoader
2021-07-29_09-15-14 [main] INFO  o.s.t.c.s.AbstractContextLoader - Could not detect default resource locations for test class [com.cognizant.pas.policy.PolicyMicroserviceApplicationTests]: no resource found for suffixes {-context.xml, Context.groovy}.
2021-07-29_09-15-14 [main] INFO  o.s.t.c.s.AnnotationConfigContextLoaderUtils - Could not detect default configuration classes for test class [com.cognizant.pas.policy.PolicyMicroserviceApplicationTests]: PolicyMicroserviceApplicationTests does not declare any static, non-private, non-final, nested classes annotated with @Configuration.
2021-07-29_09-15-14 [main] INFO  o.s.b.t.c.SpringBootTestContextBootstrapper - Found @SpringBootConfiguration com.cognizant.pas.policy.PolicyMicroserviceApplication for test class com.cognizant.pas.policy.PolicyMicroserviceApplicationTests
2021-07-29_09-15-14 [main] INFO  o.s.b.t.c.SpringBootTestContextBootstrapper - Loaded default TestExecutionListener class names from location [META-INF/spring.factories]: [org.springframework.boot.test.mock.mockito.MockitoTestExecutionListener, org.springframework.boot.test.mock.mockito.ResetMocksTestExecutionListener, org.springframework.boot.test.autoconfigure.restdocs.RestDocsTestExecutionListener, org.springframework.boot.test.autoconfigure.web.client.MockRestServiceServerResetTestExecutionListener, org.springframework.boot.test.autoconfigure.web.servlet.MockMvcPrintOnlyOnFailureTestExecutionListener, org.springframework.boot.test.autoconfigure.web.servlet.WebDriverTestExecutionListener, org.springframework.boot.test.autoconfigure.webservices.client.MockWebServiceServerTestExecutionListener, org.springframework.test.context.web.ServletTestExecutionListener, org.springframework.test.context.support.DirtiesContextBeforeModesTestExecutionListener, org.springframework.test.context.event.ApplicationEventsTestExecutionListener, org.springframework.test.context.support.DependencyInjectionTestExecutionListener, org.springframework.test.context.support.DirtiesContextTestExecutionListener, org.springframework.test.context.transaction.TransactionalTestExecutionListener, org.springframework.test.context.jdbc.SqlScriptsTestExecutionListener, org.springframework.test.context.event.EventPublishingTestExecutionListener]
2021-07-29_09-15-14 [main] INFO  o.s.b.t.c.SpringBootTestContextBootstrapper - Using TestExecutionListeners: [org.springframework.test.context.web.ServletTestExecutionListener@8077c97, org.springframework.test.context.support.DirtiesContextBeforeModesTestExecutionListener@22865072, org.springframework.test.context.event.ApplicationEventsTestExecutionListener@563317c1, org.springframework.boot.test.mock.mockito.MockitoTestExecutionListener@5d5d3a5c, org.springframework.boot.test.autoconfigure.SpringBootDependencyInjectionTestExecutionListener@6e0d16a4, org.springframework.test.context.support.DirtiesContextTestExecutionListener@7e18ced7, org.springframework.test.context.transaction.TransactionalTestExecutionListener@305b43ca, org.springframework.test.context.jdbc.SqlScriptsTestExecutionListener@4601047, org.springframework.test.context.event.EventPublishingTestExecutionListener@25e8e59, org.springframework.boot.test.mock.mockito.ResetMocksTestExecutionListener@3a0896b3, org.springframework.boot.test.autoconfigure.restdocs.RestDocsTestExecutionListener@50a7c72b, org.springframework.boot.test.autoconfigure.web.client.MockRestServiceServerResetTestExecutionListener@54c11750, org.springframework.boot.test.autoconfigure.web.servlet.MockMvcPrintOnlyOnFailureTestExecutionListener@221b77d7, org.springframework.boot.test.autoconfigure.web.servlet.WebDriverTestExecutionListener@5cd8d029, org.springframework.boot.test.autoconfigure.webservices.client.MockWebServiceServerTestExecutionListener@32a8ca06]
2021-07-29_09-15-16 [main] INFO  c.c.p.p.PolicyMicroserviceApplicationTests - Starting PolicyMicroserviceApplicationTests using Java 15.0.2 on LAPTOP-3812AT6E with PID 27704 (started by devi in C:\Users\devi\Downloads\back-up-mine-j\Policy-Microservice)
2021-07-29_09-15-16 [main] INFO  c.c.p.p.PolicyMicroserviceApplicationTests - No active profile set, falling back to default profiles: default
2021-07-29_09-15-16 [background-preinit] INFO  o.h.validator.internal.util.Version - HV000001: Hibernate Validator 6.1.7.Final
2021-07-29_09-15-16 [main] INFO  o.s.d.r.c.RepositoryConfigurationDelegate - Bootstrapping Spring Data JPA repositories in DEFAULT mode.
2021-07-29_09-15-16 [main] INFO  o.s.d.r.c.RepositoryConfigurationDelegate - Finished Spring Data repository scanning in 151 ms. Found 2 JPA repository interfaces.
2021-07-29_09-15-16 [main] INFO  o.s.cloud.context.scope.GenericScope - BeanFactory id=180c33fb-391a-3b90-9a22-bf798f6e695d
2021-07-29_09-15-16 [main] INFO  o.s.c.s.PostProcessorRegistrationDelegate$BeanPostProcessorChecker - Bean 'com.cognizant.pas.policy.feign.AuthorisingClient' of type [org.springframework.cloud.openfeign.FeignClientFactoryBean] is not eligible for getting processed by all BeanPostProcessors (for example: not eligible for auto-proxying)
2021-07-29_09-15-16 [main] INFO  o.s.c.s.PostProcessorRegistrationDelegate$BeanPostProcessorChecker - Bean 'com.cognizant.pas.policy.feign.ConsumerClient' of type [org.springframework.cloud.openfeign.FeignClientFactoryBean] is not eligible for getting processed by all BeanPostProcessors (for example: not eligible for auto-proxying)
2021-07-29_09-15-16 [main] INFO  o.s.c.s.PostProcessorRegistrationDelegate$BeanPostProcessorChecker - Bean 'com.cognizant.pas.policy.feign.QuotesClient' of type [org.springframework.cloud.openfeign.FeignClientFactoryBean] is not eligible for getting processed by all BeanPostProcessors (for example: not eligible for auto-proxying)
2021-07-29_09-15-16 [main] INFO  o.h.jpa.internal.util.LogHelper - HHH000204: Processing PersistenceUnitInfo [name: default]
2021-07-29_09-15-16 [main] INFO  org.hibernate.Version - HHH000412: Hibernate ORM core version 5.4.27.Final
2021-07-29_09-15-16 [main] INFO  o.h.annotations.common.Version - HCANN000001: Hibernate Commons Annotations {5.1.2.Final}
2021-07-29_09-15-16 [main] INFO  com.zaxxer.hikari.HikariDataSource - HikariPool-1 - Starting...
2021-07-29_09-15-16 [main] INFO  com.zaxxer.hikari.HikariDataSource - HikariPool-1 - Start completed.
2021-07-29_09-15-16 [main] INFO  org.hibernate.dialect.Dialect - HHH000400: Using dialect: org.hibernate.dialect.H2Dialect
2021-07-29_09-15-16 [main] INFO  o.h.e.t.j.p.i.JtaPlatformInitiator - HHH000490: Using JtaPlatform implementation: [org.hibernate.engine.transaction.jta.platform.internal.NoJtaPlatform]
2021-07-29_09-15-16 [main] INFO  o.s.o.j.LocalContainerEntityManagerFactoryBean - Initialized JPA EntityManagerFactory for persistence unit 'default'
2021-07-29_09-15-16 [main] INFO  o.s.b.a.h.H2ConsoleAutoConfiguration - H2 console available at '/db'. Database available at 'jdbc:h2:mem:pasdb'
2021-07-29_09-15-16 [main] INFO  s.d.s.w.PropertySourcedRequestMappingHandlerMapping - Mapped URL path [/v2/api-docs] onto method [springfox.documentation.swagger2.web.Swagger2Controller#getDocumentation(String, HttpServletRequest)]
2021-07-29_09-15-16 [main] INFO  o.s.s.c.ThreadPoolTaskExecutor - Initializing ExecutorService 'applicationTaskExecutor'
2021-07-29_09-15-16 [main] INFO  s.d.s.w.p.DocumentationPluginsBootstrapper - Context refreshed
2021-07-29_09-15-16 [main] INFO  s.d.s.w.p.DocumentationPluginsBootstrapper - Found 1 custom documentation plugin(s)
2021-07-29_09-15-16 [main] INFO  s.d.s.w.s.ApiListingReferenceScanner - Scanning for api listing references
2021-07-29_09-15-16 [main] INFO  c.c.p.p.PolicyMicroserviceApplicationTests - Started PolicyMicroserviceApplicationTests in 13.41 seconds (JVM running for 18.997)
2021-07-29_09-15-29 [main] INFO  c.c.p.p.PolicyMicroserviceApplication - Starting PolicyMicroserviceApplication using Java 15.0.2 on LAPTOP-3812AT6E with PID 27704 (started by devi in C:\Users\devi\Downloads\back-up-mine-j\Policy-Microservice)
2021-07-29_09-15-29 [main] INFO  c.c.p.p.PolicyMicroserviceApplication - No active profile set, falling back to default profiles: default
2021-07-29_09-15-29 [main] INFO  o.s.d.r.c.RepositoryConfigurationDelegate - Bootstrapping Spring Data JPA repositories in DEFAULT mode.
2021-07-29_09-15-29 [main] INFO  o.s.d.r.c.RepositoryConfigurationDelegate - Finished Spring Data repository scanning in 50 ms. Found 2 JPA repository interfaces.
2021-07-29_09-15-29 [main] INFO  o.s.cloud.context.scope.GenericScope - BeanFactory id=f719bc95-716a-3ac7-a259-6eb3a1909b5f
2021-07-29_09-15-29 [main] INFO  o.s.c.s.PostProcessorRegistrationDelegate$BeanPostProcessorChecker - Bean 'com.cognizant.pas.policy.feign.AuthorisingClient' of type [org.springframework.cloud.openfeign.FeignClientFactoryBean] is not eligible for getting processed by all BeanPostProcessors (for example: not eligible for auto-proxying)
2021-07-29_09-15-29 [main] INFO  o.s.c.s.PostProcessorRegistrationDelegate$BeanPostProcessorChecker - Bean 'com.cognizant.pas.policy.feign.ConsumerClient' of type [org.springframework.cloud.openfeign.FeignClientFactoryBean] is not eligible for getting processed by all BeanPostProcessors (for example: not eligible for auto-proxying)
2021-07-29_09-15-29 [main] INFO  o.s.c.s.PostProcessorRegistrationDelegate$BeanPostProcessorChecker - Bean 'com.cognizant.pas.policy.feign.QuotesClient' of type [org.springframework.cloud.openfeign.FeignClientFactoryBean] is not eligible for getting processed by all BeanPostProcessors (for example: not eligible for auto-proxying)
2021-07-29_09-15-29 [main] INFO  o.s.b.w.e.tomcat.TomcatWebServer - Tomcat initialized with port(s): 8300 (http)
2021-07-29_09-15-29 [main] INFO  o.a.coyote.http11.Http11NioProtocol - Initializing ProtocolHandler ["http-nio-8300"]
2021-07-29_09-15-29 [main] INFO  o.a.catalina.core.StandardService - Starting service [Tomcat]
2021-07-29_09-15-29 [main] INFO  o.a.catalina.core.StandardEngine - Starting Servlet engine: [Apache Tomcat/9.0.41]
2021-07-29_09-15-29 [main] INFO  o.a.c.c.C.[.[.[/policy-api] - Initializing Spring embedded WebApplicationContext
2021-07-29_09-15-29 [main] INFO  o.s.b.w.s.c.ServletWebServerApplicationContext - Root WebApplicationContext: initialization completed in 1553 ms
2021-07-29_09-15-29 [main] INFO  com.zaxxer.hikari.HikariDataSource - HikariPool-2 - Starting...
2021-07-29_09-15-29 [main] INFO  com.zaxxer.hikari.HikariDataSource - HikariPool-2 - Start completed.
2021-07-29_09-15-29 [main] INFO  o.s.b.a.h.H2ConsoleAutoConfiguration - H2 console available at '/db'. Database available at 'jdbc:h2:mem:pasdb'
2021-07-29_09-15-29 [main] INFO  o.h.jpa.internal.util.LogHelper - HHH000204: Processing PersistenceUnitInfo [name: default]
2021-07-29_09-15-29 [main] INFO  org.hibernate.dialect.Dialect - HHH000400: Using dialect: org.hibernate.dialect.H2Dialect
2021-07-29_09-15-29 [main] INFO  o.h.e.t.j.p.i.JtaPlatformInitiator - HHH000490: Using JtaPlatform implementation: [org.hibernate.engine.transaction.jta.platform.internal.NoJtaPlatform]
2021-07-29_09-15-29 [main] INFO  o.s.o.j.LocalContainerEntityManagerFactoryBean - Initialized JPA EntityManagerFactory for persistence unit 'default'
2021-07-29_09-15-29 [main] INFO  s.d.s.w.PropertySourcedRequestMappingHandlerMapping - Mapped URL path [/v2/api-docs] onto method [springfox.documentation.swagger2.web.Swagger2Controller#getDocumentation(String, HttpServletRequest)]
2021-07-29_09-15-29 [main] INFO  o.s.s.c.ThreadPoolTaskExecutor - Initializing ExecutorService 'applicationTaskExecutor'
2021-07-29_09-15-29 [main] INFO  o.a.coyote.http11.Http11NioProtocol - Starting ProtocolHandler ["http-nio-8300"]
2021-07-29_09-15-29 [main] INFO  o.s.b.w.e.tomcat.TomcatWebServer - Tomcat started on port(s): 8300 (http) with context path '/policy-api'
2021-07-29_09-15-29 [main] INFO  s.d.s.w.p.DocumentationPluginsBootstrapper - Context refreshed
2021-07-29_09-15-29 [main] INFO  s.d.s.w.p.DocumentationPluginsBootstrapper - Found 1 custom documentation plugin(s)
2021-07-29_09-15-29 [main] INFO  s.d.s.w.s.ApiListingReferenceScanner - Scanning for api listing references
2021-07-29_09-15-29 [main] INFO  c.c.p.p.PolicyMicroserviceApplication - Started PolicyMicroserviceApplication in 3.417 seconds (JVM running for 22.48)
2021-07-29_09-15-29 [main] INFO  o.s.b.t.a.w.s.WebMvcTestContextBootstrapper - Neither @ContextConfiguration nor @ContextHierarchy found for test class [com.cognizant.pas.policy.controller.PolicyControllerTests], using SpringBootContextLoader
2021-07-29_09-15-29 [main] INFO  o.s.t.c.s.AbstractContextLoader - Could not detect default resource locations for test class [com.cognizant.pas.policy.controller.PolicyControllerTests]: no resource found for suffixes {-context.xml, Context.groovy}.
2021-07-29_09-15-29 [main] INFO  o.s.t.c.s.AnnotationConfigContextLoaderUtils - Could not detect default configuration classes for test class [com.cognizant.pas.policy.controller.PolicyControllerTests]: PolicyControllerTests does not declare any static, non-private, non-final, nested classes annotated with @Configuration.
2021-07-29_09-15-29 [main] INFO  o.s.b.t.c.SpringBootTestContextBootstrapper - Found @SpringBootConfiguration com.cognizant.pas.policy.PolicyMicroserviceApplication for test class com.cognizant.pas.policy.controller.PolicyControllerTests
2021-07-29_09-15-29 [main] INFO  o.s.b.t.a.w.s.WebMvcTestContextBootstrapper - Loaded default TestExecutionListener class names from location [META-INF/spring.factories]: [org.springframework.boot.test.mock.mockito.MockitoTestExecutionListener, org.springframework.boot.test.mock.mockito.ResetMocksTestExecutionListener, org.springframework.boot.test.autoconfigure.restdocs.RestDocsTestExecutionListener, org.springframework.boot.test.autoconfigure.web.client.MockRestServiceServerResetTestExecutionListener, org.springframework.boot.test.autoconfigure.web.servlet.MockMvcPrintOnlyOnFailureTestExecutionListener, org.springframework.boot.test.autoconfigure.web.servlet.WebDriverTestExecutionListener, org.springframework.boot.test.autoconfigure.webservices.client.MockWebServiceServerTestExecutionListener, org.springframework.test.context.web.ServletTestExecutionListener, org.springframework.test.context.support.DirtiesContextBeforeModesTestExecutionListener, org.springframework.test.context.event.ApplicationEventsTestExecutionListener, org.springframework.test.context.support.DependencyInjectionTestExecutionListener, org.springframework.test.context.support.DirtiesContextTestExecutionListener, org.springframework.test.context.transaction.TransactionalTestExecutionListener, org.springframework.test.context.jdbc.SqlScriptsTestExecutionListener, org.springframework.test.context.event.EventPublishingTestExecutionListener]
2021-07-29_09-15-29 [main] INFO  o.s.b.t.a.w.s.WebMvcTestContextBootstrapper - Using TestExecutionListeners: [org.springframework.test.context.web.ServletTestExecutionListener@10f48b87, org.springframework.test.context.support.DirtiesContextBeforeModesTestExecutionListener@31ff0947, org.springframework.test.context.event.ApplicationEventsTestExecutionListener@6444c163, org.springframework.boot.test.mock.mockito.MockitoTestExecutionListener@424f8c75, org.springframework.boot.test.autoconfigure.SpringBootDependencyInjectionTestExecutionListener@76538f08, org.springframework.test.context.support.DirtiesContextTestExecutionListener@3faf05b4, org.springframework.test.context.transaction.TransactionalTestExecutionListener@7d2294fb, org.springframework.test.context.jdbc.SqlScriptsTestExecutionListener@43b0830e, org.springframework.test.context.event.EventPublishingTestExecutionListener@29716fbf, org.springframework.boot.test.mock.mockito.ResetMocksTestExecutionListener@6eb45d80, org.springframework.boot.test.autoconfigure.restdocs.RestDocsTestExecutionListener@7d889e1, org.springframework.boot.test.autoconfigure.web.client.MockRestServiceServerResetTestExecutionListener@40b7d2e7, org.springframework.boot.test.autoconfigure.web.servlet.MockMvcPrintOnlyOnFailureTestExecutionListener@629951d9, org.springframework.boot.test.autoconfigure.web.servlet.WebDriverTestExecutionListener@2e8d4857, org.springframework.boot.test.autoconfigure.webservices.client.MockWebServiceServerTestExecutionListener@6dd94be6]
2021-07-29_09-15-32 [main] INFO  c.c.p.p.c.PolicyControllerTests - Starting PolicyControllerTests using Java 15.0.2 on LAPTOP-3812AT6E with PID 27704 (started by devi in C:\Users\devi\Downloads\back-up-mine-j\Policy-Microservice)
2021-07-29_09-15-32 [main] INFO  c.c.p.p.c.PolicyControllerTests - No active profile set, falling back to default profiles: default
2021-07-29_09-15-32 [main] INFO  o.s.c.s.PostProcessorRegistrationDelegate$BeanPostProcessorChecker - Bean 'com.cognizant.pas.policy.feign.AuthorisingClient' of type [org.springframework.cloud.openfeign.FeignClientFactoryBean] is not eligible for getting processed by all BeanPostProcessors (for example: not eligible for auto-proxying)
2021-07-29_09-15-32 [main] INFO  o.s.c.s.PostProcessorRegistrationDelegate$BeanPostProcessorChecker - Bean 'com.cognizant.pas.policy.feign.ConsumerClient' of type [org.springframework.cloud.openfeign.FeignClientFactoryBean] is not eligible for getting processed by all BeanPostProcessors (for example: not eligible for auto-proxying)
2021-07-29_09-15-32 [main] INFO  o.s.c.s.PostProcessorRegistrationDelegate$BeanPostProcessorChecker - Bean 'com.cognizant.pas.policy.feign.QuotesClient' of type [org.springframework.cloud.openfeign.FeignClientFactoryBean] is not eligible for getting processed by all BeanPostProcessors (for example: not eligible for auto-proxying)
2021-07-29_09-15-32 [main] INFO  o.s.b.a.l.ConditionEvaluationReportLoggingListener - 

Error starting ApplicationContext. To display the conditions report re-run your application with 'debug' enabled.
2021-07-29_09-15-33 [main] INFO  c.c.p.p.c.PolicyControllerTests - Starting PolicyControllerTests using Java 15.0.2 on LAPTOP-3812AT6E with PID 27704 (started by devi in C:\Users\devi\Downloads\back-up-mine-j\Policy-Microservice)
2021-07-29_09-15-33 [main] INFO  c.c.p.p.c.PolicyControllerTests - No active profile set, falling back to default profiles: default
2021-07-29_09-15-33 [main] INFO  o.s.c.s.PostProcessorRegistrationDelegate$BeanPostProcessorChecker - Bean 'com.cognizant.pas.policy.feign.AuthorisingClient' of type [org.springframework.cloud.openfeign.FeignClientFactoryBean] is not eligible for getting processed by all BeanPostProcessors (for example: not eligible for auto-proxying)
2021-07-29_09-15-33 [main] INFO  o.s.c.s.PostProcessorRegistrationDelegate$BeanPostProcessorChecker - Bean 'com.cognizant.pas.policy.feign.ConsumerClient' of type [org.springframework.cloud.openfeign.FeignClientFactoryBean] is not eligible for getting processed by all BeanPostProcessors (for example: not eligible for auto-proxying)
2021-07-29_09-15-33 [main] INFO  o.s.c.s.PostProcessorRegistrationDelegate$BeanPostProcessorChecker - Bean 'com.cognizant.pas.policy.feign.QuotesClient' of type [org.springframework.cloud.openfeign.FeignClientFactoryBean] is not eligible for getting processed by all BeanPostProcessors (for example: not eligible for auto-proxying)
2021-07-29_09-15-33 [main] INFO  o.s.b.a.l.ConditionEvaluationReportLoggingListener - 

Error starting ApplicationContext. To display the conditions report re-run your application with 'debug' enabled.
2021-07-29_09-15-34 [main] INFO  c.c.p.p.c.PolicyControllerTests - Starting PolicyControllerTests using Java 15.0.2 on LAPTOP-3812AT6E with PID 27704 (started by devi in C:\Users\devi\Downloads\back-up-mine-j\Policy-Microservice)
2021-07-29_09-15-34 [main] INFO  c.c.p.p.c.PolicyControllerTests - No active profile set, falling back to default profiles: default
2021-07-29_09-15-34 [main] INFO  o.s.c.s.PostProcessorRegistrationDelegate$BeanPostProcessorChecker - Bean 'com.cognizant.pas.policy.feign.AuthorisingClient' of type [org.springframework.cloud.openfeign.FeignClientFactoryBean] is not eligible for getting processed by all BeanPostProcessors (for example: not eligible for auto-proxying)
2021-07-29_09-15-34 [main] INFO  o.s.c.s.PostProcessorRegistrationDelegate$BeanPostProcessorChecker - Bean 'com.cognizant.pas.policy.feign.ConsumerClient' of type [org.springframework.cloud.openfeign.FeignClientFactoryBean] is not eligible for getting processed by all BeanPostProcessors (for example: not eligible for auto-proxying)
2021-07-29_09-15-34 [main] INFO  o.s.c.s.PostProcessorRegistrationDelegate$BeanPostProcessorChecker - Bean 'com.cognizant.pas.policy.feign.QuotesClient' of type [org.springframework.cloud.openfeign.FeignClientFactoryBean] is not eligible for getting processed by all BeanPostProcessors (for example: not eligible for auto-proxying)
2021-07-29_09-15-34 [main] INFO  o.s.b.a.l.ConditionEvaluationReportLoggingListener - 

Error starting ApplicationContext. To display the conditions report re-run your application with 'debug' enabled.
2021-07-29_09-15-34 [main] INFO  o.s.b.t.c.SpringBootTestContextBootstrapper - Neither @ContextConfiguration nor @ContextHierarchy found for test class [com.cognizant.pas.policy.exception.AuthorizationExceptionTest], using SpringBootContextLoader
2021-07-29_09-15-34 [main] INFO  o.s.t.c.s.AbstractContextLoader - Could not detect default resource locations for test class [com.cognizant.pas.policy.exception.AuthorizationExceptionTest]: no resource found for suffixes {-context.xml, Context.groovy}.
2021-07-29_09-15-34 [main] INFO  o.s.t.c.s.AnnotationConfigContextLoaderUtils - Could not detect default configuration classes for test class [com.cognizant.pas.policy.exception.AuthorizationExceptionTest]: AuthorizationExceptionTest does not declare any static, non-private, non-final, nested classes annotated with @Configuration.
2021-07-29_09-15-34 [main] INFO  o.s.b.t.c.SpringBootTestContextBootstrapper - Found @SpringBootConfiguration com.cognizant.pas.policy.PolicyMicroserviceApplication for test class com.cognizant.pas.policy.exception.AuthorizationExceptionTest
2021-07-29_09-15-34 [main] INFO  o.s.b.t.c.SpringBootTestContextBootstrapper - Loaded default TestExecutionListener class names from location [META-INF/spring.factories]: [org.springframework.boot.test.mock.mockito.MockitoTestExecutionListener, org.springframework.boot.test.mock.mockito.ResetMocksTestExecutionListener, org.springframework.boot.test.autoconfigure.restdocs.RestDocsTestExecutionListener, org.springframework.boot.test.autoconfigure.web.client.MockRestServiceServerResetTestExecutionListener, org.springframework.boot.test.autoconfigure.web.servlet.MockMvcPrintOnlyOnFailureTestExecutionListener, org.springframework.boot.test.autoconfigure.web.servlet.WebDriverTestExecutionListener, org.springframework.boot.test.autoconfigure.webservices.client.MockWebServiceServerTestExecutionListener, org.springframework.test.context.web.ServletTestExecutionListener, org.springframework.test.context.support.DirtiesContextBeforeModesTestExecutionListener, org.springframework.test.context.event.ApplicationEventsTestExecutionListener, org.springframework.test.context.support.DependencyInjectionTestExecutionListener, org.springframework.test.context.support.DirtiesContextTestExecutionListener, org.springframework.test.context.transaction.TransactionalTestExecutionListener, org.springframework.test.context.jdbc.SqlScriptsTestExecutionListener, org.springframework.test.context.event.EventPublishingTestExecutionListener]
2021-07-29_09-15-34 [main] INFO  o.s.b.t.c.SpringBootTestContextBootstrapper - Using TestExecutionListeners: [org.springframework.test.context.web.ServletTestExecutionListener@200591c8, org.springframework.test.context.support.DirtiesContextBeforeModesTestExecutionListener@29f38f73, org.springframework.test.context.event.ApplicationEventsTestExecutionListener@420ee923, org.springframework.boot.test.mock.mockito.MockitoTestExecutionListener@2264d9a1, org.springframework.boot.test.autoconfigure.SpringBootDependencyInjectionTestExecutionListener@2e6387f4, org.springframework.test.context.support.DirtiesContextTestExecutionListener@1b5e0d5c, org.springframework.test.context.transaction.TransactionalTestExecutionListener@2e2cb8e5, org.springframework.test.context.jdbc.SqlScriptsTestExecutionListener@2a81c550, org.springframework.test.context.event.EventPublishingTestExecutionListener@186fbbd3, org.springframework.boot.test.mock.mockito.ResetMocksTestExecutionListener@73b0716f, org.springframework.boot.test.autoconfigure.restdocs.RestDocsTestExecutionListener@3810046c, org.springframework.boot.test.autoconfigure.web.client.MockRestServiceServerResetTestExecutionListener@1c9fed7b, org.springframework.boot.test.autoconfigure.web.servlet.MockMvcPrintOnlyOnFailureTestExecutionListener@79cb7c18, org.springframework.boot.test.autoconfigure.web.servlet.WebDriverTestExecutionListener@9005147, org.springframework.boot.test.autoconfigure.webservices.client.MockWebServiceServerTestExecutionListener@318b076f]
2021-07-29_09-15-34 [main] INFO  c.c.p.p.e.AuthorizationExceptionTest - Starting AuthorizationExceptionTest using Java 15.0.2 on LAPTOP-3812AT6E with PID 27704 (started by devi in C:\Users\devi\Downloads\back-up-mine-j\Policy-Microservice)
2021-07-29_09-15-34 [main] INFO  c.c.p.p.e.AuthorizationExceptionTest - No active profile set, falling back to default profiles: default
2021-07-29_09-15-34 [main] INFO  o.s.d.r.c.RepositoryConfigurationDelegate - Bootstrapping Spring Data JPA repositories in DEFAULT mode.
2021-07-29_09-15-34 [main] INFO  o.s.d.r.c.RepositoryConfigurationDelegate - Finished Spring Data repository scanning in 50 ms. Found 2 JPA repository interfaces.
2021-07-29_09-15-34 [main] INFO  o.s.cloud.context.scope.GenericScope - BeanFactory id=180c33fb-391a-3b90-9a22-bf798f6e695d
2021-07-29_09-15-34 [main] INFO  o.s.c.s.PostProcessorRegistrationDelegate$BeanPostProcessorChecker - Bean 'com.cognizant.pas.policy.feign.ConsumerClient' of type [org.springframework.cloud.openfeign.FeignClientFactoryBean] is not eligible for getting processed by all BeanPostProcessors (for example: not eligible for auto-proxying)
2021-07-29_09-15-34 [main] INFO  o.s.c.s.PostProcessorRegistrationDelegate$BeanPostProcessorChecker - Bean 'com.cognizant.pas.policy.feign.QuotesClient' of type [org.springframework.cloud.openfeign.FeignClientFactoryBean] is not eligible for getting processed by all BeanPostProcessors (for example: not eligible for auto-proxying)
2021-07-29_09-15-34 [main] INFO  o.h.jpa.internal.util.LogHelper - HHH000204: Processing PersistenceUnitInfo [name: default]
2021-07-29_09-15-34 [main] INFO  com.zaxxer.hikari.HikariDataSource - HikariPool-3 - Starting...
2021-07-29_09-15-34 [main] INFO  com.zaxxer.hikari.HikariDataSource - HikariPool-3 - Start completed.
2021-07-29_09-15-34 [main] INFO  org.hibernate.dialect.Dialect - HHH000400: Using dialect: org.hibernate.dialect.H2Dialect
2021-07-29_09-15-34 [main] INFO  o.h.e.t.j.p.i.JtaPlatformInitiator - HHH000490: Using JtaPlatform implementation: [org.hibernate.engine.transaction.jta.platform.internal.NoJtaPlatform]
2021-07-29_09-15-34 [main] INFO  o.s.o.j.LocalContainerEntityManagerFactoryBean - Initialized JPA EntityManagerFactory for persistence unit 'default'
2021-07-29_09-15-34 [main] INFO  o.s.b.a.h.H2ConsoleAutoConfiguration - H2 console available at '/db'. Database available at 'jdbc:h2:mem:pasdb'
2021-07-29_09-15-34 [main] INFO  s.d.s.w.PropertySourcedRequestMappingHandlerMapping - Mapped URL path [/v2/api-docs] onto method [springfox.documentation.swagger2.web.Swagger2Controller#getDocumentation(String, HttpServletRequest)]
2021-07-29_09-15-34 [main] INFO  o.s.s.c.ThreadPoolTaskExecutor - Initializing ExecutorService 'applicationTaskExecutor'
2021-07-29_09-15-34 [main] INFO  s.d.s.w.p.DocumentationPluginsBootstrapper - Context refreshed
2021-07-29_09-15-34 [main] INFO  s.d.s.w.p.DocumentationPluginsBootstrapper - Found 1 custom documentation plugin(s)
2021-07-29_09-15-34 [main] INFO  s.d.s.w.s.ApiListingReferenceScanner - Scanning for api listing references
2021-07-29_09-15-34 [main] INFO  c.c.p.p.e.AuthorizationExceptionTest - Started AuthorizationExceptionTest in 3.492 seconds (JVM running for 28.203)
2021-07-29_09-15-34 [main] INFO  o.s.b.t.c.SpringBootTestContextBootstrapper - Neither @ContextConfiguration nor @ContextHierarchy found for test class [com.cognizant.pas.policy.exception.GlobalExceptionHandlerTest], using SpringBootContextLoader
2021-07-29_09-15-34 [main] INFO  o.s.t.c.s.AbstractContextLoader - Could not detect default resource locations for test class [com.cognizant.pas.policy.exception.GlobalExceptionHandlerTest]: no resource found for suffixes {-context.xml, Context.groovy}.
2021-07-29_09-15-34 [main] INFO  o.s.t.c.s.AnnotationConfigContextLoaderUtils - Could not detect default configuration classes for test class [com.cognizant.pas.policy.exception.GlobalExceptionHandlerTest]: GlobalExceptionHandlerTest does not declare any static, non-private, non-final, nested classes annotated with @Configuration.
2021-07-29_09-15-34 [main] INFO  o.s.b.t.c.SpringBootTestContextBootstrapper - Found @SpringBootConfiguration com.cognizant.pas.policy.PolicyMicroserviceApplication for test class com.cognizant.pas.policy.exception.GlobalExceptionHandlerTest
2021-07-29_09-15-34 [main] INFO  o.s.b.t.c.SpringBootTestContextBootstrapper - Loaded default TestExecutionListener class names from location [META-INF/spring.factories]: [org.springframework.boot.test.mock.mockito.MockitoTestExecutionListener, org.springframework.boot.test.mock.mockito.ResetMocksTestExecutionListener, org.springframework.boot.test.autoconfigure.restdocs.RestDocsTestExecutionListener, org.springframework.boot.test.autoconfigure.web.client.MockRestServiceServerResetTestExecutionListener, org.springframework.boot.test.autoconfigure.web.servlet.MockMvcPrintOnlyOnFailureTestExecutionListener, org.springframework.boot.test.autoconfigure.web.servlet.WebDriverTestExecutionListener, org.springframework.boot.test.autoconfigure.webservices.client.MockWebServiceServerTestExecutionListener, org.springframework.test.context.web.ServletTestExecutionListener, org.springframework.test.context.support.DirtiesContextBeforeModesTestExecutionListener, org.springframework.test.context.event.ApplicationEventsTestExecutionListener, org.springframework.test.context.support.DependencyInjectionTestExecutionListener, org.springframework.test.context.support.DirtiesContextTestExecutionListener, org.springframework.test.context.transaction.TransactionalTestExecutionListener, org.springframework.test.context.jdbc.SqlScriptsTestExecutionListener, org.springframework.test.context.event.EventPublishingTestExecutionListener]
2021-07-29_09-15-34 [main] INFO  o.s.b.t.c.SpringBootTestContextBootstrapper - Using TestExecutionListeners: [org.springframework.test.context.web.ServletTestExecutionListener@6648e327, org.springframework.test.context.support.DirtiesContextBeforeModesTestExecutionListener@71762774, org.springframework.test.context.event.ApplicationEventsTestExecutionListener@16ee9a3b, org.springframework.boot.test.mock.mockito.MockitoTestExecutionListener@52aaa2ea, org.springframework.boot.test.autoconfigure.SpringBootDependencyInjectionTestExecutionListener@735a2243, org.springframework.test.context.support.DirtiesContextTestExecutionListener@33d7f6db, org.springframework.test.context.transaction.TransactionalTestExecutionListener@518a8dd8, org.springframework.test.context.jdbc.SqlScriptsTestExecutionListener@5630c8f1, org.springframework.test.context.event.EventPublishingTestExecutionListener@745ab04e, org.springframework.boot.test.mock.mockito.ResetMocksTestExecutionListener@78b7f130, org.springframework.boot.test.autoconfigure.restdocs.RestDocsTestExecutionListener@7d5647b3, org.springframework.boot.test.autoconfigure.web.client.MockRestServiceServerResetTestExecutionListener@2df16fa8, org.springframework.boot.test.autoconfigure.web.servlet.MockMvcPrintOnlyOnFailureTestExecutionListener@c887298, org.springframework.boot.test.autoconfigure.web.servlet.WebDriverTestExecutionListener@4bf12c48, org.springframework.boot.test.autoconfigure.webservices.client.MockWebServiceServerTestExecutionListener@4d5815a]
2021-07-29_09-15-34 [main] INFO  o.s.b.t.c.SpringBootTestContextBootstrapper - Neither @ContextConfiguration nor @ContextHierarchy found for test class [com.cognizant.pas.policy.exception.ExceptionDetailsTest], using SpringBootContextLoader
2021-07-29_09-15-34 [main] INFO  o.s.t.c.s.AbstractContextLoader - Could not detect default resource locations for test class [com.cognizant.pas.policy.exception.ExceptionDetailsTest]: no resource found for suffixes {-context.xml, Context.groovy}.
2021-07-29_09-15-34 [main] INFO  o.s.t.c.s.AnnotationConfigContextLoaderUtils - Could not detect default configuration classes for test class [com.cognizant.pas.policy.exception.ExceptionDetailsTest]: ExceptionDetailsTest does not declare any static, non-private, non-final, nested classes annotated with @Configuration.
2021-07-29_09-15-34 [main] INFO  o.s.b.t.c.SpringBootTestContextBootstrapper - Found @SpringBootConfiguration com.cognizant.pas.policy.PolicyMicroserviceApplication for test class com.cognizant.pas.policy.exception.ExceptionDetailsTest
2021-07-29_09-15-34 [main] INFO  o.s.b.t.c.SpringBootTestContextBootstrapper - Loaded default TestExecutionListener class names from location [META-INF/spring.factories]: [org.springframework.boot.test.mock.mockito.MockitoTestExecutionListener, org.springframework.boot.test.mock.mockito.ResetMocksTestExecutionListener, org.springframework.boot.test.autoconfigure.restdocs.RestDocsTestExecutionListener, org.springframework.boot.test.autoconfigure.web.client.MockRestServiceServerResetTestExecutionListener, org.springframework.boot.test.autoconfigure.web.servlet.MockMvcPrintOnlyOnFailureTestExecutionListener, org.springframework.boot.test.autoconfigure.web.servlet.WebDriverTestExecutionListener, org.springframework.boot.test.autoconfigure.webservices.client.MockWebServiceServerTestExecutionListener, org.springframework.test.context.web.ServletTestExecutionListener, org.springframework.test.context.support.DirtiesContextBeforeModesTestExecutionListener, org.springframework.test.context.event.ApplicationEventsTestExecutionListener, org.springframework.test.context.support.DependencyInjectionTestExecutionListener, org.springframework.test.context.support.DirtiesContextTestExecutionListener, org.springframework.test.context.transaction.TransactionalTestExecutionListener, org.springframework.test.context.jdbc.SqlScriptsTestExecutionListener, org.springframework.test.context.event.EventPublishingTestExecutionListener]
2021-07-29_09-15-34 [main] INFO  o.s.b.t.c.SpringBootTestContextBootstrapper - Using TestExecutionListeners: [org.springframework.test.context.web.ServletTestExecutionListener@4368104b, org.springframework.test.context.support.DirtiesContextBeforeModesTestExecutionListener@3fa73746, org.springframework.test.context.event.ApplicationEventsTestExecutionListener@48f630c7, org.springframework.boot.test.mock.mockito.MockitoTestExecutionListener@7f23f026, org.springframework.boot.test.autoconfigure.SpringBootDependencyInjectionTestExecutionListener@7c4a4dc1, org.springframework.test.context.support.DirtiesContextTestExecutionListener@7ad15809, org.springframework.test.context.transaction.TransactionalTestExecutionListener@3583f9c, org.springframework.test.context.jdbc.SqlScriptsTestExecutionListener@631a5d11, org.springframework.test.context.event.EventPublishingTestExecutionListener@4d1020f6, org.springframework.boot.test.mock.mockito.ResetMocksTestExecutionListener@3d71384d, org.springframework.boot.test.autoconfigure.restdocs.RestDocsTestExecutionListener@7f1754a0, org.springframework.boot.test.autoconfigure.web.client.MockRestServiceServerResetTestExecutionListener@4ed47c86, org.springframework.boot.test.autoconfigure.web.servlet.MockMvcPrintOnlyOnFailureTestExecutionListener@28ff23a, org.springframework.boot.test.autoconfigure.web.servlet.WebDriverTestExecutionListener@36081176, org.springframework.boot.test.autoconfigure.webservices.client.MockWebServiceServerTestExecutionListener@737ff143]
2021-07-29_09-15-34 [SpringContextShutdownHook] INFO  o.s.s.c.ThreadPoolTaskExecutor - Shutting down ExecutorService 'applicationTaskExecutor'
2021-07-29_09-15-34 [SpringContextShutdownHook] INFO  o.s.s.c.ThreadPoolTaskExecutor - Shutting down ExecutorService 'applicationTaskExecutor'
2021-07-29_09-15-34 [SpringContextShutdownHook] INFO  o.s.o.j.LocalContainerEntityManagerFactoryBean - Closing JPA EntityManagerFactory for persistence unit 'default'
2021-07-29_09-15-34 [SpringContextShutdownHook] INFO  o.h.t.s.i.SchemaDropperImpl$DelayedDropActionImpl - HHH000477: Starting delayed evictData of schema as part of SessionFactory shut-down'
2021-07-29_09-15-34 [SpringContextShutdownHook] INFO  o.s.o.j.LocalContainerEntityManagerFactoryBean - Closing JPA EntityManagerFactory for persistence unit 'default'
2021-07-29_09-15-34 [SpringContextShutdownHook] INFO  o.h.t.s.i.SchemaDropperImpl$DelayedDropActionImpl - HHH000477: Starting delayed evictData of schema as part of SessionFactory shut-down'
2021-07-29_09-15-34 [SpringContextShutdownHook] INFO  com.zaxxer.hikari.HikariDataSource - HikariPool-1 - Shutdown initiated...
2021-07-29_09-15-34 [SpringContextShutdownHook] INFO  com.zaxxer.hikari.HikariDataSource - HikariPool-3 - Shutdown initiated...
2021-07-29_09-15-34 [SpringContextShutdownHook] INFO  com.zaxxer.hikari.HikariDataSource - HikariPool-1 - Shutdown completed.
2021-07-29_09-15-34 [SpringContextShutdownHook] INFO  com.zaxxer.hikari.HikariDataSource - HikariPool-3 - Shutdown completed.
2021-07-29_09-15-34 [SpringContextShutdownHook] INFO  o.s.s.c.ThreadPoolTaskExecutor - Shutting down ExecutorService 'applicationTaskExecutor'
2021-07-29_09-15-34 [SpringContextShutdownHook] INFO  o.s.o.j.LocalContainerEntityManagerFactoryBean - Closing JPA EntityManagerFactory for persistence unit 'default'
2021-07-29_09-15-34 [SpringContextShutdownHook] INFO  o.h.t.s.i.SchemaDropperImpl$DelayedDropActionImpl - HHH000477: Starting delayed evictData of schema as part of SessionFactory shut-down'
2021-07-29_09-15-34 [SpringContextShutdownHook] INFO  com.zaxxer.hikari.HikariDataSource - HikariPool-2 - Shutdown initiated...
2021-07-29_09-15-34 [SpringContextShutdownHook] INFO  com.zaxxer.hikari.HikariDataSource - HikariPool-2 - Shutdown completed.
